# JRE version: Java(TM) SE Runtime Environment (8.0_31-b13) (build 1.8.0_31-b13)
# Java VM: Java HotSpot(TM) 64-Bit Server VM (25.31-b07 mixed mode windows-amd64 compressed oops)
Heap:
 PSYoungGen      total 302592K, used 275849K [0x00000000eab00000, 0x00000000ffd00000, 0x0000000100000000)
  eden space 301056K, 91% used [0x00000000eab00000,0x00000000fb8626c8,0x00000000fd100000)
  from space 1536K, 0% used [0x00000000fd100000,0x00000000fd100000,0x00000000fd280000)
  to   space 22528K, 0% used [0x00000000fe700000,0x00000000fe700000,0x00000000ffd00000)
 ParOldGen       total 79360K, used 58404K [0x00000000c0000000, 0x00000000c4d80000, 0x00000000eab00000)
  object space 79360K, 73% used [0x00000000c0000000,0x00000000c39091e0,0x00000000c4d80000)
 Metaspace       used 63247K, capacity 67409K, committed 67752K, reserved 1105920K
  class space    used 8864K, capacity 10308K, committed 10408K, reserved 1048576K
GC Heap History (10 events):
Event: 74.189 GC heap before
{Heap before GC invocations=21 (full 3):
 PSYoungGen      total 220160K, used 204288K [0x00000000eab00000, 0x00000000fdc80000, 0x0000000100000000)
  eden space 204288K, 100% used [0x00000000eab00000,0x00000000f7280000,0x00000000f7280000)
  from space 15872K, 0% used [0x00000000f7280000,0x00000000f7280000,0x00000000f8200000)
  to   space 20480K, 0% used [0x00000000fc880000,0x00000000fc880000,0x00000000fdc80000)
 ParOldGen       total 79360K, used 43945K [0x00000000c0000000, 0x00000000c4d80000, 0x00000000eab00000)
  object space 79360K, 55% used [0x00000000c0000000,0x00000000c2aea698,0x00000000c4d80000)
 Metaspace       used 46612K, capacity 49447K, committed 49704K, reserved 1091584K
  class space    used 6465K, capacity 7453K, committed 7464K, reserved 1048576K
Event: 74.378 GC heap after
Heap after GC invocations=21 (full 3):
 PSYoungGen      total 288256K, used 20462K [0x00000000eab00000, 0x00000000fe100000, 0x0000000100000000)
  eden space 267776K, 0% used [0x00000000eab00000,0x00000000eab00000,0x00000000fb080000)
  from space 20480K, 99% used [0x00000000fc880000,0x00000000fdc7bba8,0x00000000fdc80000)
  to   space 24576K, 0% used [0x00000000fb080000,0x00000000fb080000,0x00000000fc880000)
 ParOldGen       total 79360K, used 44633K [0x00000000c0000000, 0x00000000c4d80000, 0x00000000eab00000)
  object space 79360K, 56% used [0x00000000c0000000,0x00000000c2b964f0,0x00000000c4d80000)
 Metaspace       used 46612K, capacity 49447K, committed 49704K, reserved 1091584K
  class space    used 6465K, capacity 7453K, committed 7464K, reserved 1048576K
}
Event: 165.761 GC heap before
{Heap before GC invocations=22 (full 3):
 PSYoungGen      total 288256K, used 288238K [0x00000000eab00000, 0x00000000fe100000, 0x0000000100000000)
  eden space 267776K, 100% used [0x00000000eab00000,0x00000000fb080000,0x00000000fb080000)
  from space 20480K, 99% used [0x00000000fc880000,0x00000000fdc7bba8,0x00000000fdc80000)
  to   space 24576K, 0% used [0x00000000fb080000,0x00000000fb080000,0x00000000fc880000)
 ParOldGen       total 79360K, used 44633K [0x00000000c0000000, 0x00000000c4d80000, 0x00000000eab00000)
  object space 79360K, 56% used [0x00000000c0000000,0x00000000c2b964f0,0x00000000c4d80000)
 Metaspace       used 50255K, capacity 53208K, committed 53416K, reserved 1095680K
  class space    used 6971K, capacity 8020K, committed 8104K, reserved 1048576K
Event: 165.877 GC heap after
Heap after GC invocations=22 (full 3):
 PSYoungGen      total 292352K, used 9600K [0x00000000eab00000, 0x0000000100000000, 0x0000000100000000)
  eden space 267776K, 0% used [0x00000000eab00000,0x00000000eab00000,0x00000000fb080000)
  from space 24576K, 39% used [0x00000000fb080000,0x00000000fb9e0240,0x00000000fc880000)
  to   space 23552K, 0% used [0x00000000fe900000,0x00000000fe900000,0x0000000100000000)
 ParOldGen       total 79360K, used 61229K [0x00000000c0000000, 0x00000000c4d80000, 0x00000000eab00000)
  object space 79360K, 77% used [0x00000000c0000000,0x00000000c3bcb6b0,0x00000000c4d80000)
 Metaspace       used 50255K, capacity 53208K, committed 53416K, reserved 1095680K
  class space    used 6971K, capacity 8020K, committed 8104K, reserved 1048576K
}
Event: 183.036 GC heap before
{Heap before GC invocations=23 (full 3):
 PSYoungGen      total 292352K, used 277376K [0x00000000eab00000, 0x0000000100000000, 0x0000000100000000)
  eden space 267776K, 100% used [0x00000000eab00000,0x00000000fb080000,0x00000000fb080000)
  from space 24576K, 39% used [0x00000000fb080000,0x00000000fb9e0240,0x00000000fc880000)
  to   space 23552K, 0% used [0x00000000fe900000,0x00000000fe900000,0x0000000100000000)
 ParOldGen       total 79360K, used 61229K [0x00000000c0000000, 0x00000000c4d80000, 0x00000000eab00000)
  object space 79360K, 77% used [0x00000000c0000000,0x00000000c3bcb6b0,0x00000000c4d80000)
 Metaspace       used 50858K, capacity 53788K, committed 54056K, reserved 1095680K
  class space    used 7061K, capacity 8132K, committed 8232K, reserved 1048576K
Event: 183.059 GC heap after
Heap after GC invocations=23 (full 3):
 PSYoungGen      total 322560K, used 2417K [0x00000000eab00000, 0x00000000ffe00000, 0x0000000100000000)
  eden space 301056K, 0% used [0x00000000eab00000,0x00000000eab00000,0x00000000fd100000)
  from space 21504K, 11% used [0x00000000fe900000,0x00000000feb5c728,0x00000000ffe00000)
  to   space 23040K, 0% used [0x00000000fd100000,0x00000000fd100000,0x00000000fe780000)
 ParOldGen       total 79360K, used 64112K [0x00000000c0000000, 0x00000000c4d80000, 0x00000000eab00000)
  object space 79360K, 80% used [0x00000000c0000000,0x00000000c3e9c0f0,0x00000000c4d80000)
 Metaspace       used 50858K, capacity 53788K, committed 54056K, reserved 1095680K
  class space    used 7061K, capacity 8132K, committed 8232K, reserved 1048576K
}
Event: 187.485 GC heap before
{Heap before GC invocations=24 (full 3):
 PSYoungGen      total 322560K, used 28531K [0x00000000eab00000, 0x00000000ffe00000, 0x0000000100000000)
  eden space 301056K, 8% used [0x00000000eab00000,0x00000000ec480890,0x00000000fd100000)
  from space 21504K, 11% used [0x00000000fe900000,0x00000000feb5c728,0x00000000ffe00000)
  to   space 23040K, 0% used [0x00000000fd100000,0x00000000fd100000,0x00000000fe780000)
 ParOldGen       total 79360K, used 64112K [0x00000000c0000000, 0x00000000c4d80000, 0x00000000eab00000)
  object space 79360K, 80% used [0x00000000c0000000,0x00000000c3e9c0f0,0x00000000c4d80000)
 Metaspace       used 51609K, capacity 54744K, committed 54952K, reserved 1095680K
  class space    used 7188K, capacity 8280K, committed 8360K, reserved 1048576K
Event: 187.496 GC heap after
Heap after GC invocations=24 (full 3):
 PSYoungGen      total 302592K, used 1029K [0x00000000eab00000, 0x00000000ffd00000, 0x0000000100000000)
  eden space 301056K, 0% used [0x00000000eab00000,0x00000000eab00000,0x00000000fd100000)
  from space 1536K, 66% used [0x00000000fd100000,0x00000000fd201470,0x00000000fd280000)
  to   space 22528K, 0% used [0x00000000fe700000,0x00000000fe700000,0x00000000ffd00000)
 ParOldGen       total 79360K, used 64568K [0x00000000c0000000, 0x00000000c4d80000, 0x00000000eab00000)
  object space 79360K, 81% used [0x00000000c0000000,0x00000000c3f0e110,0x00000000c4d80000)
 Metaspace       used 51609K, capacity 54744K, committed 54952K, reserved 1095680K
  class space    used 7188K, capacity 8280K, committed 8360K, reserved 1048576K
}
Event: 187.496 GC heap before
{Heap before GC invocations=25 (full 4):
 PSYoungGen      total 302592K, used 1029K [0x00000000eab00000, 0x00000000ffd00000, 0x0000000100000000)
  eden space 301056K, 0% used [0x00000000eab00000,0x00000000eab00000,0x00000000fd100000)
  from space 1536K, 66% used [0x00000000fd100000,0x00000000fd201470,0x00000000fd280000)
  to   space 22528K, 0% used [0x00000000fe700000,0x00000000fe700000,0x00000000ffd00000)
 ParOldGen       total 79360K, used 64568K [0x00000000c0000000, 0x00000000c4d80000, 0x00000000eab00000)
  object space 79360K, 81% used [0x00000000c0000000,0x00000000c3f0e110,0x00000000c4d80000)
 Metaspace       used 51609K, capacity 54744K, committed 54952K, reserved 1095680K
  class space    used 7188K, capacity 8280K, committed 8360K, reserved 1048576K
Event: 188.315 GC heap after
Heap after GC invocations=25 (full 4):
 PSYoungGen      total 302592K, used 0K [0x00000000eab00000, 0x00000000ffd00000, 0x0000000100000000)
  eden space 301056K, 0% used [0x00000000eab00000,0x00000000eab00000,0x00000000fd100000)
  from space 1536K, 0% used [0x00000000fd100000,0x00000000fd100000,0x00000000fd280000)
  to   space 22528K, 0% used [0x00000000fe700000,0x00000000fe700000,0x00000000ffd00000)
 ParOldGen       total 79360K, used 58404K [0x00000000c0000000, 0x00000000c4d80000, 0x00000000eab00000)
  object space 79360K, 73% used [0x00000000c0000000,0x00000000c39091e0,0x00000000c4d80000)
 Metaspace       used 51576K, capacity 54630K, committed 54952K, reserved 1095680K
  class space    used 7180K, capacity 8246K, committed 8360K, reserved 1048576K
}

