# JRE version: Java(TM) SE Runtime Environment (8.0_31-b13) (build 1.8.0_31-b13)
# Java VM: Java HotSpot(TM) 64-Bit Server VM (25.31-b07 mixed mode windows-amd64 compressed oops)
Heap:
 PSYoungGen      total 268800K, used 96925K [0x00000000eab00000, 0x00000000ffb00000, 0x0000000100000000)
  eden space 239616K, 30% used [0x00000000eab00000,0x00000000ef1bae08,0x00000000f9500000)
  from space 29184K, 83% used [0x00000000f9500000,0x00000000facec630,0x00000000fb180000)
  to   space 31744K, 0% used [0x00000000fdc00000,0x00000000fdc00000,0x00000000ffb00000)
 ParOldGen       total 161792K, used 56846K [0x00000000c0000000, 0x00000000c9e00000, 0x00000000eab00000)
  object space 161792K, 35% used [0x00000000c0000000,0x00000000c3783828,0x00000000c9e00000)
 Metaspace       used 68965K, capacity 71868K, committed 80256K, reserved 1118208K
  class space    used 9173K, capacity 10159K, committed 11904K, reserved 1048576K
GC Heap History (10 events):
Event: 2155.919 GC heap before
{Heap before GC invocations=23 (full 6):
 PSYoungGen      total 240640K, used 17220K [0x00000000eab00000, 0x00000000fcf00000, 0x0000000100000000)
  eden space 209920K, 0% used [0x00000000eab00000,0x00000000eab00000,0x00000000f7800000)
  from space 30720K, 56% used [0x00000000f7800000,0x00000000f88d11a8,0x00000000f9600000)
  to   space 30208K, 0% used [0x00000000fb180000,0x00000000fb180000,0x00000000fcf00000)
 ParOldGen       total 84992K, used 64680K [0x00000000c0000000, 0x00000000c5300000, 0x00000000eab00000)
  object space 84992K, 76% used [0x00000000c0000000,0x00000000c3f2a1a0,0x00000000c5300000)
 Metaspace       used 68441K, capacity 71780K, committed 72064K, reserved 1110016K
  class space    used 9332K, capacity 10507K, committed 10624K, reserved 1048576K
Event: 2157.022 GC heap after
Heap after GC invocations=23 (full 6):
 PSYoungGen      total 240640K, used 0K [0x00000000eab00000, 0x00000000fcf00000, 0x0000000100000000)
  eden space 209920K, 0% used [0x00000000eab00000,0x00000000eab00000,0x00000000f7800000)
  from space 30720K, 0% used [0x00000000f7800000,0x00000000f7800000,0x00000000f9600000)
  to   space 30208K, 0% used [0x00000000fb180000,0x00000000fb180000,0x00000000fcf00000)
 ParOldGen       total 84992K, used 78194K [0x00000000c0000000, 0x00000000c5300000, 0x00000000eab00000)
  object space 84992K, 92% used [0x00000000c0000000,0x00000000c4c5c870,0x00000000c5300000)
 Metaspace       used 68408K, capacity 71666K, committed 72064K, reserved 1110016K
  class space    used 9324K, capacity 10473K, committed 10624K, reserved 1048576K
}
Event: 3453.704 GC heap before
{Heap before GC invocations=24 (full 7):
 PSYoungGen      total 240640K, used 209920K [0x00000000eab00000, 0x00000000fcf00000, 0x0000000100000000)
  eden space 209920K, 100% used [0x00000000eab00000,0x00000000f7800000,0x00000000f7800000)
  from space 30720K, 0% used [0x00000000f7800000,0x00000000f7800000,0x00000000f9600000)
  to   space 30208K, 0% used [0x00000000fb180000,0x00000000fb180000,0x00000000fcf00000)
 ParOldGen       total 84992K, used 78194K [0x00000000c0000000, 0x00000000c5300000, 0x00000000eab00000)
  object space 84992K, 92% used [0x00000000c0000000,0x00000000c4c5c870,0x00000000c5300000)
 Metaspace       used 74640K, capacity 78725K, committed 78848K, reserved 1116160K
  class space    used 10239K, capacity 11675K, committed 11776K, reserved 1048576K
Event: 3454.347 GC heap after
Heap after GC invocations=24 (full 7):
 PSYoungGen      total 240640K, used 14868K [0x00000000eab00000, 0x00000000fcf00000, 0x0000000100000000)
  eden space 209920K, 7% used [0x00000000eab00000,0x00000000eb985030,0x00000000f7800000)
  from space 30720K, 0% used [0x00000000f7800000,0x00000000f7800000,0x00000000f9600000)
  to   space 30208K, 0% used [0x00000000fb180000,0x00000000fb180000,0x00000000fcf00000)
 ParOldGen       total 161792K, used 84900K [0x00000000c0000000, 0x00000000c9e00000, 0x00000000eab00000)
  object space 161792K, 52% used [0x00000000c0000000,0x00000000c52e9370,0x00000000c9e00000)
 Metaspace       used 74640K, capacity 78725K, committed 78848K, reserved 1116160K
  class space    used 10239K, capacity 11675K, committed 11776K, reserved 1048576K
}
Event: 3466.298 GC heap before
{Heap before GC invocations=25 (full 7):
 PSYoungGen      total 240640K, used 80789K [0x00000000eab00000, 0x00000000fcf00000, 0x0000000100000000)
  eden space 209920K, 38% used [0x00000000eab00000,0x00000000ef9e54f0,0x00000000f7800000)
  from space 30720K, 0% used [0x00000000f7800000,0x00000000f7800000,0x00000000f9600000)
  to   space 30208K, 0% used [0x00000000fb180000,0x00000000fb180000,0x00000000fcf00000)
 ParOldGen       total 161792K, used 84900K [0x00000000c0000000, 0x00000000c9e00000, 0x00000000eab00000)
  object space 161792K, 52% used [0x00000000c0000000,0x00000000c52e9370,0x00000000c9e00000)
 Metaspace       used 75843K, capacity 79985K, committed 80256K, reserved 1118208K
  class space    used 10423K, capacity 11883K, committed 11904K, reserved 1048576K
Event: 3466.404 GC heap after
Heap after GC invocations=25 (full 7):
 PSYoungGen      total 269824K, used 15241K [0x00000000eab00000, 0x00000000fdb80000, 0x0000000100000000)
  eden space 239616K, 0% used [0x00000000eab00000,0x00000000eab00000,0x00000000f9500000)
  from space 30208K, 50% used [0x00000000fb180000,0x00000000fc062600,0x00000000fcf00000)
  to   space 29184K, 0% used [0x00000000f9500000,0x00000000f9500000,0x00000000fb180000)
 ParOldGen       total 161792K, used 84908K [0x00000000c0000000, 0x00000000c9e00000, 0x00000000eab00000)
  object space 161792K, 52% used [0x00000000c0000000,0x00000000c52eb370,0x00000000c9e00000)
 Metaspace       used 75843K, capacity 79985K, committed 80256K, reserved 1118208K
  class space    used 10423K, capacity 11883K, committed 11904K, reserved 1048576K
}
Event: 3466.404 GC heap before
{Heap before GC invocations=26 (full 8):
 PSYoungGen      total 269824K, used 15241K [0x00000000eab00000, 0x00000000fdb80000, 0x0000000100000000)
  eden space 239616K, 0% used [0x00000000eab00000,0x00000000eab00000,0x00000000f9500000)
  from space 30208K, 50% used [0x00000000fb180000,0x00000000fc062600,0x00000000fcf00000)
  to   space 29184K, 0% used [0x00000000f9500000,0x00000000f9500000,0x00000000fb180000)
 ParOldGen       total 161792K, used 84908K [0x00000000c0000000, 0x00000000c9e00000, 0x00000000eab00000)
  object space 161792K, 52% used [0x00000000c0000000,0x00000000c52eb370,0x00000000c9e00000)
 Metaspace       used 75843K, capacity 79985K, committed 80256K, reserved 1118208K
  class space    used 10423K, capacity 11883K, committed 11904K, reserved 1048576K
Event: 3467.205 GC heap after
Heap after GC invocations=26 (full 8):
 PSYoungGen      total 269824K, used 0K [0x00000000eab00000, 0x00000000fdb80000, 0x0000000100000000)
  eden space 239616K, 0% used [0x00000000eab00000,0x00000000eab00000,0x00000000f9500000)
  from space 30208K, 0% used [0x00000000fb180000,0x00000000fb180000,0x00000000fcf00000)
  to   space 29184K, 0% used [0x00000000f9500000,0x00000000f9500000,0x00000000fb180000)
 ParOldGen       total 161792K, used 56838K [0x00000000c0000000, 0x00000000c9e00000, 0x00000000eab00000)
  object space 161792K, 35% used [0x00000000c0000000,0x00000000c3781828,0x00000000c9e00000)
 Metaspace       used 61640K, capacity 63317K, committed 80256K, reserved 1118208K
  class space    used 8073K, capacity 8668K, committed 11904K, reserved 1048576K
}
Event: 4351.064 GC heap before
{Heap before GC invocations=27 (full 8):
 PSYoungGen      total 269824K, used 239616K [0x00000000eab00000, 0x00000000fdb80000, 0x0000000100000000)
  eden space 239616K, 100% used [0x00000000eab00000,0x00000000f9500000,0x00000000f9500000)
  from space 30208K, 0% used [0x00000000fb180000,0x00000000fb180000,0x00000000fcf00000)
  to   space 29184K, 0% used [0x00000000f9500000,0x00000000f9500000,0x00000000fb180000)
 ParOldGen       total 161792K, used 56838K [0x00000000c0000000, 0x00000000c9e00000, 0x00000000eab00000)
  object space 161792K, 35% used [0x00000000c0000000,0x00000000c3781828,0x00000000c9e00000)
 Metaspace       used 67234K, capacity 69901K, committed 80256K, reserved 1118208K
  class space    used 8914K, capacity 9854K, committed 11904K, reserved 1048576K
Event: 4351.166 GC heap after
Heap after GC invocations=27 (full 8):
 PSYoungGen      total 268800K, used 24497K [0x00000000eab00000, 0x00000000ffb00000, 0x0000000100000000)
  eden space 239616K, 0% used [0x00000000eab00000,0x00000000eab00000,0x00000000f9500000)
  from space 29184K, 83% used [0x00000000f9500000,0x00000000facec630,0x00000000fb180000)
  to   space 31744K, 0% used [0x00000000fdc00000,0x00000000fdc00000,0x00000000ffb00000)
 ParOldGen       total 161792K, used 56846K [0x00000000c0000000, 0x00000000c9e00000, 0x00000000eab00000)
  object space 161792K, 35% used [0x00000000c0000000,0x00000000c3783828,0x00000000c9e00000)
 Metaspace       used 67234K, capacity 69901K, committed 80256K, reserved 1118208K
  class space    used 8914K, capacity 9854K, committed 11904K, reserved 1048576K
}

